[2025-11-13T05:14:11][INFO] git remote set-name origin

[2025-11-13T05:14:11][ERROR] error: unknown subcommand: `set-name'
usage: git remote [-v | --verbose]
   or: git remote add [-t <branch>] [-m <master>] [-f] [--tags | --no-tags] [--mirror=<fetch|push>] <name> <url>
   or: git remote rename [--[no-]progress] <old> <new>
   or: git remote remove <name>
   or: git remote set-head <name> (-a | --auto | -d | --delete | <branch>)
   or: git remote [-v | --verbose] show [-n] <name>
   or: git remote prune [-n | --dry-run] <name>
   or: git remote [-v | --verbose] update [-p | --prune] [(<group> | <remote>)...]
   or: git remote set-branches [--add] <name> <branch>...
   or: git remote get-url [--push] [--all] <name>
   or: git remote set-url [--push] <name> <newurl> [<oldurl>]
   or: git remote set-url --add <name> <newurl>
   or: git remote set-url --delete <name> <url>

    -v, --[no-]verbose    be verbose; must be placed before a subcommand
[2025-11-13T05:14:11][INFO] git remote set-url origin https://github.com/TheWritingDoc/1stlaunch.git

[2025-11-13T05:14:11][INFO] git fetch --all --prune

[2025-11-13T05:14:12][INFO] git checkout main
Your branch is up to date with 'origin/main'.
[2025-11-13T05:39:26][INFO] git fetch --all

[2025-11-13T05:39:27][INFO] git checkout main
Your branch is up to date with 'origin/main'.
[2025-11-13T05:39:27][INFO] git pull --ff-only
Already up to date.
[2025-11-13T05:39:28][INFO] git checkout -b feature/workflow-sanity

[2025-11-13T05:40:20][INFO] git add -A
